<?xml version="1.0" encoding="UTF-8"?>
<!-- Generated by org.testng.reporters.JUnitReportReporter -->
<testsuite skipped="0" hostname="DESKTOP-9I9ULG3" name="org.ngtest.AutoDemo" tests="1" failures="0" timestamp="22 Apr 2021 06:45:56 GMT" time="3.443" errors="0">
  <testcase name="test" time="3.443" classname="org.ngtest.AutoDemo"/>
</testsuite> <!-- org.ngtest.AutoDemo -->
