<?xml version="1.0" encoding="UTF-8"?>
<!-- Generated by org.testng.reporters.JUnitReportReporter -->
<testsuite skipped="0" hostname="DESKTOP-9I9ULG3" name="org.ngtest.BaseClassWithTestng" tests="1" failures="0" timestamp="27 Apr 2021 04:47:33 GMT" time="14.949" errors="0">
  <testcase name="register" time="14.949" classname="org.ngtest.BaseClassWithTestng"/>
</testsuite> <!-- org.ngtest.BaseClassWithTestng -->
